<?xml version="1.0" encoding="UTF-8"?>
<!-- Generated by org.testng.reporters.JUnitReportReporter -->
<testsuite skipped="0" hostname="Shakis-MBP.home" name="question2.tests.TC_Verify_Flow_of_WW" tests="1" failures="0" timestamp="06 Nov 2019 07:20:26 GMT" time="67.035" errors="0">
  <testcase name="verifyTest" time="67.035" classname="question2.tests.TC_Verify_Flow_of_WW"/>
</testsuite> <!-- question2.tests.TC_Verify_Flow_of_WW -->
