<?xml version="1.0" encoding="UTF-8"?>
<!-- Generated by org.testng.reporters.JUnitReportReporter -->
<testsuite skipped="0" hostname="Shakis-MBP.home" name="question2.TestClass" tests="1" failures="0" timestamp="06 Nov 2019 04:58:48 GMT" time="0.033" errors="0">
  <testcase name="testMethod" time="0.033" classname="question2.TestClass"/>
</testsuite> <!-- question2.TestClass -->
