<?xml version="1.0" encoding="UTF-8"?>
<!-- Generated by org.testng.reporters.JUnitReportReporter -->
<testsuite skipped="0" hostname="Shakis-MBP.home" name="com.ww.CodingExercise.TC_Verify_Flow_of_WW" tests="1" failures="0" timestamp="06 Nov 2019 07:13:27 GMT" time="44.831" errors="0">
  <testcase name="verifyTest" time="44.831" classname="com.ww.CodingExercise.TC_Verify_Flow_of_WW"/>
</testsuite> <!-- com.ww.CodingExercise.TC_Verify_Flow_of_WW -->
